<?xml version="1.0" encoding="UTF-8"?>
<testng-results skipped="0" failed="0" total="1" passed="1">
  <reporter-output>
  </reporter-output>
  <suite name="Default suite" duration-ms="50634" started-at="2020-07-29T16:23:10Z" finished-at="2020-07-29T16:24:01Z">
    <groups>
    </groups>
    <test name="Default test" duration-ms="50634" started-at="2020-07-29T16:23:10Z" finished-at="2020-07-29T16:24:01Z">
      <class name="com.sarafu.testcases.LoginValidation">
        <test-method status="PASS" signature="LoginValidationWithValidandInvalidData()[pri:0, instance:com.sarafu.testcases.LoginValidation@6d4b1c02]" name="LoginValidationWithValidandInvalidData" duration-ms="50597" started-at="2020-07-29T21:53:10Z" finished-at="2020-07-29T21:54:01Z">
          <reporter-output>
          </reporter-output>
        </test-method> <!-- LoginValidationWithValidandInvalidData -->
      </class> <!-- com.sarafu.testcases.LoginValidation -->
    </test> <!-- Default test -->
  </suite> <!-- Default suite -->
</testng-results>
